<?xml version="1.0" encoding="UTF-8"?>
<!-- Generated by org.testng.reporters.JUnitReportReporter -->
<testsuite skipped="0" hostname="Dell-Falca-34ZLN12" name="Script.ToastMessage2" tests="1" failures="0" timestamp="12 Mar 2021 14:47:11 GMT" time="2.767" errors="1">
  <testcase name="verifytoast" time="2.767" classname="Script.ToastMessage2">
    <error type="org.openqa.selenium.SessionNotCreatedException" message="session not created: This version of ChromeDriver only supports Chrome version 87
Current browser version is 89.0.4389.82 with binary path C:\Program Files (x86)\Google\Chrome\Application\chrome.exe
Build info: version: &#039;3.141.59&#039;, revision: &#039;e82be7d358&#039;, time: &#039;2018-11-14T08:25:53&#039;
System info: host: &#039;DELL-FALCA-34ZL&#039;, ip: &#039;172.25.1.11&#039;, os.name: &#039;Windows 7&#039;, os.arch: &#039;amd64&#039;, os.version: &#039;6.1&#039;, java.version: &#039;1.8.0_271&#039;
Driver info: driver.version: ChromeDriver
remote stacktrace: Backtrace:
	Ordinal0 [0x0132C0C3+3326147]
	Ordinal0 [0x01210851+2164817]
	Ordinal0 [0x01097298+619160]
	Ordinal0 [0x01011D92+73106]
	Ordinal0 [0x0100E119+57625]
	Ordinal0 [0x0100C38A+50058]
	Ordinal0 [0x01035F3E+220990]
	Ordinal0 [0x01035CAC+220332]
	Ordinal0 [0x0103189B+202907]
	Ordinal0 [0x01013DF4+81396]
	Ordinal0 [0x01014DEE+85486]
	Ordinal0 [0x01014D79+85369]
	Ordinal0 [0x012285DC+2262492]
	GetHandleVerifier [0x014B2874+1487204]
	GetHandleVerifier [0x014B23CD+1486013]
	GetHandleVerifier [0x014BA368+1518680]
	GetHandleVerifier [0x014B2F4E+1488958]
	Ordinal0 [0x0121ED0D+2223373]
	Ordinal0 [0x0122A12B+2269483]
	Ordinal0 [0x0122A26F+2269807]
	Ordinal0 [0x0123ECB8+2354360]
	BaseThreadInitThunk [0x7641343D+18]
	RtlInitializeExceptionChain [0x76F59812+99]
	RtlInitializeExceptionChain [0x76F597E5+54]
">
      <![CDATA[org.openqa.selenium.SessionNotCreatedException: session not created: This version of ChromeDriver only supports Chrome version 87
Current browser version is 89.0.4389.82 with binary path C:\Program Files (x86)\Google\Chrome\Application\chrome.exe
Build info: version: '3.141.59', revision: 'e82be7d358', time: '2018-11-14T08:25:53'
System info: host: 'DELL-FALCA-34ZL', ip: '172.25.1.11', os.name: 'Windows 7', os.arch: 'amd64', os.version: '6.1', java.version: '1.8.0_271'
Driver info: driver.version: ChromeDriver
remote stacktrace: Backtrace:
Ordinal0 [0x0132C0C3+3326147]
Ordinal0 [0x01210851+2164817]
Ordinal0 [0x01097298+619160]
Ordinal0 [0x01011D92+73106]
Ordinal0 [0x0100E119+57625]
Ordinal0 [0x0100C38A+50058]
Ordinal0 [0x01035F3E+220990]
Ordinal0 [0x01035CAC+220332]
Ordinal0 [0x0103189B+202907]
Ordinal0 [0x01013DF4+81396]
Ordinal0 [0x01014DEE+85486]
Ordinal0 [0x01014D79+85369]
Ordinal0 [0x012285DC+2262492]
GetHandleVerifier [0x014B2874+1487204]
GetHandleVerifier [0x014B23CD+1486013]
GetHandleVerifier [0x014BA368+1518680]
GetHandleVerifier [0x014B2F4E+1488958]
Ordinal0 [0x0121ED0D+2223373]
Ordinal0 [0x0122A12B+2269483]
Ordinal0 [0x0122A26F+2269807]
Ordinal0 [0x0123ECB8+2354360]
BaseThreadInitThunk [0x7641343D+18]
RtlInitializeExceptionChain [0x76F59812+99]
RtlInitializeExceptionChain [0x76F597E5+54]

at sun.reflect.NativeConstructorAccessorImpl.newInstance0(Native Method)
at sun.reflect.NativeConstructorAccessorImpl.newInstance(Unknown Source)
at sun.reflect.DelegatingConstructorAccessorImpl.newInstance(Unknown Source)
at java.lang.reflect.Constructor.newInstance(Unknown Source)
at org.openqa.selenium.remote.W3CHandshakeResponse.lambda$errorHandler$0(W3CHandshakeResponse.java:62)
at org.openqa.selenium.remote.HandshakeResponse.lambda$getResponseFunction$0(HandshakeResponse.java:30)
at org.openqa.selenium.remote.ProtocolHandshake.lambda$createSession$0(ProtocolHandshake.java:126)
at java.util.stream.ReferencePipeline$3$1.accept(Unknown Source)
at java.util.Spliterators$ArraySpliterator.tryAdvance(Unknown Source)
at java.util.stream.ReferencePipeline.forEachWithCancel(Unknown Source)
at java.util.stream.AbstractPipeline.copyIntoWithCancel(Unknown Source)
at java.util.stream.AbstractPipeline.copyInto(Unknown Source)
at java.util.stream.AbstractPipeline.wrapAndCopyInto(Unknown Source)
at java.util.stream.FindOps$FindOp.evaluateSequential(Unknown Source)
at java.util.stream.AbstractPipeline.evaluate(Unknown Source)
at java.util.stream.ReferencePipeline.findFirst(Unknown Source)
at org.openqa.selenium.remote.ProtocolHandshake.createSession(ProtocolHandshake.java:128)
at org.openqa.selenium.remote.ProtocolHandshake.createSession(ProtocolHandshake.java:74)
at org.openqa.selenium.remote.HttpCommandExecutor.execute(HttpCommandExecutor.java:136)
at org.openqa.selenium.remote.service.DriverCommandExecutor.execute(DriverCommandExecutor.java:83)
at org.openqa.selenium.remote.RemoteWebDriver.execute(RemoteWebDriver.java:552)
at org.openqa.selenium.remote.RemoteWebDriver.startSession(RemoteWebDriver.java:213)
at org.openqa.selenium.remote.RemoteWebDriver.<init>(RemoteWebDriver.java:131)
at org.openqa.selenium.chrome.ChromeDriver.<init>(ChromeDriver.java:181)
at org.openqa.selenium.chrome.ChromeDriver.<init>(ChromeDriver.java:168)
at org.openqa.selenium.chrome.ChromeDriver.<init>(ChromeDriver.java:123)
at Script.ToastMessage2.verifytoast(ToastMessage2.java:16)
at sun.reflect.NativeMethodAccessorImpl.invoke0(Native Method)
at sun.reflect.NativeMethodAccessorImpl.invoke(Unknown Source)
at sun.reflect.DelegatingMethodAccessorImpl.invoke(Unknown Source)
at java.lang.reflect.Method.invoke(Unknown Source)
at org.testng.internal.MethodInvocationHelper.invokeMethod(MethodInvocationHelper.java:124)
at org.testng.internal.Invoker.invokeMethod(Invoker.java:583)
at org.testng.internal.Invoker.invokeTestMethod(Invoker.java:719)
at org.testng.internal.Invoker.invokeTestMethods(Invoker.java:989)
at org.testng.internal.TestMethodWorker.invokeTestMethods(TestMethodWorker.java:125)
at org.testng.internal.TestMethodWorker.run(TestMethodWorker.java:109)
at org.testng.TestRunner.privateRun(TestRunner.java:648)
at org.testng.TestRunner.run(TestRunner.java:505)
at org.testng.SuiteRunner.runTest(SuiteRunner.java:455)
at org.testng.SuiteRunner.runSequentially(SuiteRunner.java:450)
at org.testng.SuiteRunner.privateRun(SuiteRunner.java:415)
at org.testng.SuiteRunner.run(SuiteRunner.java:364)
at org.testng.SuiteRunnerWorker.runSuite(SuiteRunnerWorker.java:52)
at org.testng.SuiteRunnerWorker.run(SuiteRunnerWorker.java:84)
at org.testng.TestNG.runSuitesSequentially(TestNG.java:1208)
at org.testng.TestNG.runSuitesLocally(TestNG.java:1137)
at org.testng.TestNG.runSuites(TestNG.java:1049)
at org.testng.TestNG.run(TestNG.java:1017)
at org.testng.remote.AbstractRemoteTestNG.run(AbstractRemoteTestNG.java:114)
at org.testng.remote.RemoteTestNG.initAndRun(RemoteTestNG.java:251)
at org.testng.remote.RemoteTestNG.main(RemoteTestNG.java:77)
]]>
    </error>
  </testcase> <!-- verifytoast -->
</testsuite> <!-- Script.ToastMessage2 -->
